TN:
SF:/home/shahenaz/Desktop/search-website/app/roots.js
FN:12,(anonymous_1)
FNF:1
FNH:1
FNDA:1,(anonymous_1)
DA:1,1
DA:5,1
DA:6,1
DA:7,1
DA:12,1
DA:14,1
LF:6
LH:6
BRF:0
BRH:0
end_of_record
TN:
SF:/home/shahenaz/Desktop/search-website/app/autocomplete.js
FN:7,(anonymous_1)
FN:9,(anonymous_2)
FN:11,(anonymous_3)
FNF:3
FNH:3
FNDA:1,(anonymous_1)
FNDA:1,(anonymous_2)
FNDA:235886,(anonymous_3)
DA:1,1
DA:2,1
DA:3,1
DA:4,1
DA:7,1
DA:8,1
DA:9,1
DA:11,1
DA:12,235886
DA:13,103180
DA:15,10
DA:21,1
DA:24,1
DA:26,1
LF:14
LH:14
BRDA:12,1,0,103180
BRDA:12,1,1,132706
BRDA:13,2,0,10
BRDA:13,2,1,103170
BRF:4
BRH:4
end_of_record
TN:
SF:/home/shahenaz/Desktop/search-website/utils.js
FN:3,parseBody
FN:5,(anonymous_2)
FN:8,(anonymous_3)
FNF:3
FNH:3
FNDA:1,parseBody
FNDA:1,(anonymous_2)
FNDA:1,(anonymous_3)
DA:1,1
DA:3,1
DA:4,1
DA:5,1
DA:6,1
DA:8,1
DA:11,1
DA:15,1
LF:8
LH:8
BRF:0
BRH:0
end_of_record
